# JRE version: OpenJDK Runtime Environment (8.0_152-b28) (build 1.8.0_152-release-1343-b28)
# Java VM: OpenJDK 64-Bit Server VM (25.152-b28 mixed mode linux-amd64 compressed oops)
Heap:
 par new generation   total 39296K, used 5540K [0x00000000d1200000, 0x00000000d3ca0000, 0x00000000e0c00000)
  eden space 34944K,  12% used [0x00000000d1200000, 0x00000000d1643390, 0x00000000d3420000)
  from space 4352K,  27% used [0x00000000d3860000, 0x00000000d3986068, 0x00000000d3ca0000)
  to   space 4352K,   0% used [0x00000000d3420000, 0x00000000d3420000, 0x00000000d3860000)
 concurrent mark-sweep generation total 88720K, used 53269K [0x00000000e0c00000, 0x00000000e62a4000, 0x0000000100000000)
 Metaspace       used 132911K, capacity 138612K, committed 139140K, reserved 1169408K
  class space    used 17392K, capacity 18492K, committed 18656K, reserved 1048576K
GC Heap History (10 events):
Event: 3618.917 GC heap before
{Heap before GC invocations=20 (full 4):
 par new generation   total 39296K, used 39239K [0x00000000d1200000, 0x00000000d3ca0000, 0x00000000e0c00000)
  eden space 34944K,  99% used [0x00000000d1200000, 0x00000000d3411da0, 0x00000000d3420000)
  from space 4352K,  99% used [0x00000000d3420000, 0x00000000d385fff8, 0x00000000d3860000)
  to   space 4352K,   0% used [0x00000000d3860000, 0x00000000d3860000, 0x00000000d3ca0000)
 concurrent mark-sweep generation total 87424K, used 71758K [0x00000000e0c00000, 0x00000000e6160000, 0x0000000100000000)
 Metaspace       used 133089K, capacity 138995K, committed 139140K, reserved 1169408K
  class space    used 17428K, capacity 18564K, committed 18656K, reserved 1048576K
Event: 3618.926 GC heap after
Heap after GC invocations=21 (full 4):
 par new generation   total 39296K, used 4352K [0x00000000d1200000, 0x00000000d3ca0000, 0x00000000e0c00000)
  eden space 34944K,   0% used [0x00000000d1200000, 0x00000000d1200000, 0x00000000d3420000)
  from space 4352K, 100% used [0x00000000d3860000, 0x00000000d3ca0000, 0x00000000d3ca0000)
  to   space 4352K,   0% used [0x00000000d3420000, 0x00000000d3420000, 0x00000000d3860000)
 concurrent mark-sweep generation total 87424K, used 75720K [0x00000000e0c00000, 0x00000000e6160000, 0x0000000100000000)
 Metaspace       used 133089K, capacity 138995K, committed 139140K, reserved 1169408K
  class space    used 17428K, capacity 18564K, committed 18656K, reserved 1048576K
}
Event: 7940.953 GC heap before
{Heap before GC invocations=21 (full 4):
 par new generation   total 39296K, used 39296K [0x00000000d1200000, 0x00000000d3ca0000, 0x00000000e0c00000)
  eden space 34944K, 100% used [0x00000000d1200000, 0x00000000d3420000, 0x00000000d3420000)
  from space 4352K, 100% used [0x00000000d3860000, 0x00000000d3ca0000, 0x00000000d3ca0000)
  to   space 4352K,   0% used [0x00000000d3420000, 0x00000000d3420000, 0x00000000d3860000)
 concurrent mark-sweep generation total 87424K, used 75720K [0x00000000e0c00000, 0x00000000e6160000, 0x0000000100000000)
 Metaspace       used 133111K, capacity 138995K, committed 139140K, reserved 1169408K
  class space    used 17428K, capacity 18564K, committed 18656K, reserved 1048576K
Event: 7940.963 GC heap after
Heap after GC invocations=22 (full 4):
 par new generation   total 39296K, used 3428K [0x00000000d1200000, 0x00000000d3ca0000, 0x00000000e0c00000)
  eden space 34944K,   0% used [0x00000000d1200000, 0x00000000d1200000, 0x00000000d3420000)
  from space 4352K,  78% used [0x00000000d3420000, 0x00000000d37792e8, 0x00000000d3860000)
  to   space 4352K,   0% used [0x00000000d3860000, 0x00000000d3860000, 0x00000000d3ca0000)
 concurrent mark-sweep generation total 87424K, used 78908K [0x00000000e0c00000, 0x00000000e6160000, 0x0000000100000000)
 Metaspace       used 133111K, capacity 138995K, committed 139140K, reserved 1169408K
  class space    used 17428K, capacity 18564K, committed 18656K, reserved 1048576K
}
Event: 13244.493 GC heap before
{Heap before GC invocations=22 (full 5):
 par new generation   total 39296K, used 38372K [0x00000000d1200000, 0x00000000d3ca0000, 0x00000000e0c00000)
  eden space 34944K, 100% used [0x00000000d1200000, 0x00000000d3420000, 0x00000000d3420000)
  from space 4352K,  78% used [0x00000000d3420000, 0x00000000d37792e8, 0x00000000d3860000)
  to   space 4352K,   0% used [0x00000000d3860000, 0x00000000d3860000, 0x00000000d3ca0000)
 concurrent mark-sweep generation total 88720K, used 53230K [0x00000000e0c00000, 0x00000000e62a4000, 0x0000000100000000)
 Metaspace       used 132903K, capacity 138612K, committed 139140K, reserved 1169408K
  class space    used 17392K, capacity 18492K, committed 18656K, reserved 1048576K
Event: 13244.496 GC heap after
Heap after GC invocations=23 (full 5):
 par new generation   total 39296K, used 646K [0x00000000d1200000, 0x00000000d3ca0000, 0x00000000e0c00000)
  eden space 34944K,   0% used [0x00000000d1200000, 0x00000000d1200000, 0x00000000d3420000)
  from space 4352K,  14% used [0x00000000d3860000, 0x00000000d3901b88, 0x00000000d3ca0000)
  to   space 4352K,   0% used [0x00000000d3420000, 0x00000000d3420000, 0x00000000d3860000)
 concurrent mark-sweep generation total 88720K, used 53230K [0x00000000e0c00000, 0x00000000e62a4000, 0x0000000100000000)
 Metaspace       used 132903K, capacity 138612K, committed 139140K, reserved 1169408K
  class space    used 17392K, capacity 18492K, committed 18656K, reserved 1048576K
}
Event: 18018.925 GC heap before
{Heap before GC invocations=23 (full 5):
 par new generation   total 39296K, used 35590K [0x00000000d1200000, 0x00000000d3ca0000, 0x00000000e0c00000)
  eden space 34944K, 100% used [0x00000000d1200000, 0x00000000d3420000, 0x00000000d3420000)
  from space 4352K,  14% used [0x00000000d3860000, 0x00000000d3901b88, 0x00000000d3ca0000)
  to   space 4352K,   0% used [0x00000000d3420000, 0x00000000d3420000, 0x00000000d3860000)
 concurrent mark-sweep generation total 88720K, used 53230K [0x00000000e0c00000, 0x00000000e62a4000, 0x0000000100000000)
 Metaspace       used 132906K, capacity 138612K, committed 139140K, reserved 1169408K
  class space    used 17392K, capacity 18492K, committed 18656K, reserved 1048576K
Event: 18018.927 GC heap after
Heap after GC invocations=24 (full 5):
 par new generation   total 39296K, used 2660K [0x00000000d1200000, 0x00000000d3ca0000, 0x00000000e0c00000)
  eden space 34944K,   0% used [0x00000000d1200000, 0x00000000d1200000, 0x00000000d3420000)
  from space 4352K,  61% used [0x00000000d3420000, 0x00000000d36b9240, 0x00000000d3860000)
  to   space 4352K,   0% used [0x00000000d3860000, 0x00000000d3860000, 0x00000000d3ca0000)
 concurrent mark-sweep generation total 88720K, used 53230K [0x00000000e0c00000, 0x00000000e62a4000, 0x0000000100000000)
 Metaspace       used 132906K, capacity 138612K, committed 139140K, reserved 1169408K
  class space    used 17392K, capacity 18492K, committed 18656K, reserved 1048576K
}
Event: 22900.722 GC heap before
{Heap before GC invocations=24 (full 5):
 par new generation   total 39296K, used 37604K [0x00000000d1200000, 0x00000000d3ca0000, 0x00000000e0c00000)
  eden space 34944K, 100% used [0x00000000d1200000, 0x00000000d3420000, 0x00000000d3420000)
  from space 4352K,  61% used [0x00000000d3420000, 0x00000000d36b9240, 0x00000000d3860000)
  to   space 4352K,   0% used [0x00000000d3860000, 0x00000000d3860000, 0x00000000d3ca0000)
 concurrent mark-sweep generation total 88720K, used 53230K [0x00000000e0c00000, 0x00000000e62a4000, 0x0000000100000000)
 Metaspace       used 132911K, capacity 138612K, committed 139140K, reserved 1169408K
  class space    used 17392K, capacity 18492K, committed 18656K, reserved 1048576K
Event: 22900.725 GC heap after
Heap after GC invocations=25 (full 5):
 par new generation   total 39296K, used 1176K [0x00000000d1200000, 0x00000000d3ca0000, 0x00000000e0c00000)
  eden space 34944K,   0% used [0x00000000d1200000, 0x00000000d1200000, 0x00000000d3420000)
  from space 4352K,  27% used [0x00000000d3860000, 0x00000000d3986068, 0x00000000d3ca0000)
  to   space 4352K,   0% used [0x00000000d3420000, 0x00000000d3420000, 0x00000000d3860000)
 concurrent mark-sweep generation total 88720K, used 53269K [0x00000000e0c00000, 0x00000000e62a4000, 0x0000000100000000)
 Metaspace       used 132911K, capacity 138612K, committed 139140K, reserved 1169408K
  class space    used 17392K, capacity 18492K, committed 18656K, reserved 1048576K
}

